<?xml version="1.0" encoding="UTF-8"?>
<testng-results ignored="0" total="1" passed="1" failed="0" skipped="0">
  <reporter-output>
  </reporter-output>
  <suite started-at="2024-11-23T14:41:03 IST" name="Default suite" finished-at="2024-11-23T14:41:12 IST" duration-ms="8910">
    <groups>
    </groups>
    <test started-at="2024-11-23T14:41:03 IST" name="Default test" finished-at="2024-11-23T14:41:12 IST" duration-ms="8910">
      <class name="testscript.Login_Pagetest">
        <test-method is-config="true" signature="beforeMethod()[pri:0, instance:testscript.Login_Pagetest@36bc55de]" started-at="2024-11-23T14:41:03 IST" name="beforeMethod" finished-at="2024-11-23T14:41:10 IST" duration-ms="6876" status="PASS">
          <reporter-output>
          </reporter-output>
        </test-method> <!-- beforeMethod -->
        <test-method signature="verifyUserIsAbleToLoginValidCredenstials()[pri:0, instance:testscript.Login_Pagetest@36bc55de]" started-at="2024-11-23T14:41:10 IST" name="verifyUserIsAbleToLoginValidCredenstials" finished-at="2024-11-23T14:41:12 IST" duration-ms="2010" status="PASS">
          <reporter-output>
          </reporter-output>
        </test-method> <!-- verifyUserIsAbleToLoginValidCredenstials -->
        <test-method is-config="true" signature="afterMethod()[pri:0, instance:testscript.Login_Pagetest@36bc55de]" started-at="2024-11-23T14:41:12 IST" name="afterMethod" finished-at="2024-11-23T14:41:12 IST" duration-ms="0" status="PASS">
          <reporter-output>
          </reporter-output>
        </test-method> <!-- afterMethod -->
      </class> <!-- testscript.Login_Pagetest -->
    </test> <!-- Default test -->
  </suite> <!-- Default suite -->
</testng-results>
