<?xml version="1.0" encoding="UTF-8"?>
<!-- Generated by org.testng.reporters.JUnitXMLReporter -->
<testsuite ignored="0" hostname="DESKTOP-79EU623" failures="0" tests="4" name="Default test" time="0.046" errors="0" timestamp="2024-11-22T10:32:54 IST">
  <testcase classname="test.NewTest1" name="print" time="0.012"/>
  <testcase classname="test.NewTest1" name="printSecond" time="0.001"/>
  <testcase classname="test.NewTest1" name="printNew" time="0.001"/>
  <testcase classname="test.NewTest1" name="display" time="0.001"/>
</testsuite> <!-- Default test -->
